<?xml version="1.0" encoding="UTF-8"?>
<!-- Generated by org.testng.reporters.JUnitReportReporter -->
<testsuite skipped="2" hostname="Sugirtha" name="reports.EditLeadForReports" tests="2" failures="0" timestamp="01 Jul 2018 02:37:44 GMT" time="0.000" errors="0">
  <testcase name="editLead" time="0.000" classname="reports.EditLeadForReports">
    <skipped/>
  </testcase> <!-- editLead -->
  <testcase name="editLead" time="0.000" classname="reports.EditLeadForReports">
    <skipped/>
  </testcase> <!-- editLead -->
</testsuite> <!-- reports.EditLeadForReports -->
