<?xml version="1.0" encoding="UTF-8"?>
<!-- Generated by org.testng.reporters.JUnitReportReporter -->
<testsuite skipped="0" hostname="Sugirtha" name="tests.CreateLead" tests="1" failures="0" timestamp="24 Jun 2018 04:08:32 GMT" time="43.636" errors="0">
  <testcase name="createLead" time="43.636" classname="tests.CreateLead"/>
</testsuite> <!-- tests.CreateLead -->
