<?xml version="1.0" encoding="UTF-8"?>
<!-- Generated by org.testng.reporters.JUnitReportReporter -->
<testsuite skipped="0" hostname="Sugirtha" name="tests.leads.CreateLeadForReports" tests="2" failures="0" timestamp="01 Jul 2018 07:26:32 GMT" time="97.561" errors="0">
  <testcase name="createLead" time="42.602" classname="tests.leads.CreateLeadForReports"/>
  <testcase name="createLead" time="54.959" classname="tests.leads.CreateLeadForReports"/>
</testsuite> <!-- tests.leads.CreateLeadForReports -->
