<?xml version="1.0" encoding="UTF-8"?>
<!-- Generated by org.testng.reporters.JUnitReportReporter -->
<testsuite skipped="0" hostname="Sugirtha" name="tests.CreateLeadListener" tests="1" failures="0" timestamp="24 Jun 2018 06:46:38 GMT" time="52.551" errors="0">
  <testcase name="createLead" time="52.551" classname="tests.CreateLeadListener"/>
</testsuite> <!-- tests.CreateLeadListener -->
