<?xml version="1.0" encoding="UTF-8"?>
<!-- Generated by org.testng.reporters.JUnitReportReporter -->
<testsuite skipped="0" hostname="Sugirtha" name="tests.MergeLead" tests="1" failures="0" timestamp="23 Jun 2018 13:39:06 GMT" time="26.372" errors="0">
  <testcase name="mergeLead" time="26.372" classname="tests.MergeLead"/>
</testsuite> <!-- tests.MergeLead -->
