<?xml version="1.0" encoding="UTF-8"?>
<!-- Generated by org.testng.reporters.JUnitReportReporter -->
<testsuite skipped="0" hostname="Sugirtha" name="GridScript.Leaftaps" tests="1" failures="0" timestamp="08 Jul 2018 10:48:41 GMT" time="17.755" errors="0">
  <testcase name="login" time="17.755" classname="GridScript.Leaftaps"/>
</testsuite> <!-- GridScript.Leaftaps -->
