<?xml version="1.0" encoding="UTF-8"?>
<!-- Generated by org.testng.reporters.JUnitReportReporter -->
<testsuite skipped="0" hostname="Sugirtha" name="tests.leads.CreateLeadForReports2" tests="2" failures="0" timestamp="01 Jul 2018 07:26:32 GMT" time="96.480" errors="0">
  <testcase name="createLead" time="45.806" classname="tests.leads.CreateLeadForReports2"/>
  <testcase name="createLead" time="50.674" classname="tests.leads.CreateLeadForReports2"/>
</testsuite> <!-- tests.leads.CreateLeadForReports2 -->
