<?xml version="1.0" encoding="UTF-8"?>
<!-- Generated by org.testng.reporters.JUnitReportReporter -->
<testsuite skipped="0" hostname="Sugirtha" name="project.CreateLead" tests="1" failures="0" timestamp="17 Jun 2018 10:40:47 GMT" time="77.889" errors="0">
  <testcase name="createLead" time="77.889" classname="project.CreateLead"/>
</testsuite> <!-- project.CreateLead -->
