<?xml version="1.0" encoding="UTF-8"?>
<!-- Generated by org.testng.reporters.JUnitReportReporter -->
<testsuite skipped="0" hostname="Sugirtha" name="Excel.CreateLeadExcelToDp" tests="2" failures="0" timestamp="30 Jun 2018 04:41:52 GMT" time="73.153" errors="0">
  <testcase name="createLead" time="30.331" classname="Excel.CreateLeadExcelToDp"/>
  <testcase name="createLead" time="42.822" classname="Excel.CreateLeadExcelToDp"/>
</testsuite> <!-- Excel.CreateLeadExcelToDp -->
